<?xml version="1.0" encoding="UTF-8"?>
<!-- Generated by org.testng.reporters.JUnitReportReporter -->
<testsuite skipped="0" hostname="Acer" name="com.crm.qa.testcases.HomePageTest" tests="5" failures="0" timestamp="06 Jun 2018 04:17:01 GMT" time="113.051" errors="0">
  <testcase name="ValidateHomeTitle" time="21.186" classname="com.crm.qa.testcases.HomePageTest"/>
  <testcase name="ValidateUserLabel" time="25.735" classname="com.crm.qa.testcases.HomePageTest"/>
  <testcase name="ContactLinkTest" time="20.164" classname="com.crm.qa.testcases.HomePageTest"/>
  <testcase name="TaskLinkTest" time="22.536" classname="com.crm.qa.testcases.HomePageTest"/>
  <testcase name="DealsLinkTest" time="23.430" classname="com.crm.qa.testcases.HomePageTest"/>
</testsuite> <!-- com.crm.qa.testcases.HomePageTest -->
