<?xml version="1.0" encoding="UTF-8"?>
<!-- Generated by org.testng.reporters.JUnitReportReporter -->
<testsuite skipped="0" hostname="Acer" name="com.crm.qa.testcases.ContactsPageTest" tests="4" failures="0" timestamp="06 Aug 2018 18:57:50 GMT" time="229.839" errors="0">
  <testcase name="saveNewContact" time="60.844" classname="com.crm.qa.testcases.ContactsPageTest"/>
  <testcase name="saveNewContact" time="50.774" classname="com.crm.qa.testcases.ContactsPageTest"/>
  <testcase name="saveNewContact" time="68.730" classname="com.crm.qa.testcases.ContactsPageTest"/>
  <testcase name="saveNewContact" time="49.491" classname="com.crm.qa.testcases.ContactsPageTest"/>
</testsuite> <!-- com.crm.qa.testcases.ContactsPageTest -->
